2016-02-24 15:46:05 - PHP Notice:  Undefined variable: entry_export in C:\xampp\htdocs\opencart\admin\view\template\tool\backup.tpl on line 43
2016-02-24 15:46:56 - PHP Warning:  ftp_login(): Login or password incorrect! in C:\xampp\htdocs\opencart\admin\controller\extension\installer.php on line 295
2016-02-24 15:49:48 - PHP Notice:  Undefined variable: icon in C:\xampp\htdocs\opencart\catalog\view\theme\ancart\template\common\header.tpl on line 20
2016-02-24 15:49:48 - PHP Notice:  Undefined variable: google_analytics in C:\xampp\htdocs\opencart\catalog\view\theme\ancart\template\common\header.tpl on line 40
2016-02-24 15:58:34 - PHP Notice:  Undefined variable: icon in C:\xampp\htdocs\opencart\catalog\view\theme\ancart\template\common\header.tpl on line 20
2016-02-24 15:58:34 - PHP Notice:  Undefined variable: google_analytics in C:\xampp\htdocs\opencart\catalog\view\theme\ancart\template\common\header.tpl on line 40
2016-02-24 16:01:58 - PHP Notice:  Undefined variable: icon in C:\xampp\htdocs\opencart\catalog\view\theme\ancart\template\common\header.tpl on line 20
2016-02-24 16:01:58 - PHP Notice:  Undefined variable: google_analytics in C:\xampp\htdocs\opencart\catalog\view\theme\ancart\template\common\header.tpl on line 40
2016-02-24 16:02:10 - PHP Notice:  Undefined variable: icon in C:\xampp\htdocs\opencart\catalog\view\theme\ancart\template\common\header.tpl on line 20
2016-02-24 16:02:10 - PHP Notice:  Undefined variable: google_analytics in C:\xampp\htdocs\opencart\catalog\view\theme\ancart\template\common\header.tpl on line 40
2016-02-24 16:02:58 - PHP Notice:  Undefined variable: icon in C:\xampp\htdocs\opencart\catalog\view\theme\ancart\template\common\header.tpl on line 20
2016-02-24 16:02:58 - PHP Notice:  Undefined variable: google_analytics in C:\xampp\htdocs\opencart\catalog\view\theme\ancart\template\common\header.tpl on line 40
2016-02-24 16:04:27 - PHP Notice:  Undefined variable: icon in C:\xampp\htdocs\opencart\catalog\view\theme\ancart\template\common\header.tpl on line 20
2016-02-24 16:04:27 - PHP Notice:  Undefined variable: google_analytics in C:\xampp\htdocs\opencart\catalog\view\theme\ancart\template\common\header.tpl on line 40
2016-02-24 16:04:48 - PHP Notice:  Undefined variable: icon in C:\xampp\htdocs\opencart\catalog\view\theme\ancart\template\common\header.tpl on line 20
2016-02-24 16:04:48 - PHP Notice:  Undefined variable: google_analytics in C:\xampp\htdocs\opencart\catalog\view\theme\ancart\template\common\header.tpl on line 40
2016-02-24 16:04:48 - PHP Notice:  Undefined variable: site_key in C:\xampp\htdocs\opencart\catalog\view\theme\ancart\template\product\product.tpl on line 104
2016-02-24 16:04:51 - PHP Notice:  Undefined variable: icon in C:\xampp\htdocs\opencart\catalog\view\theme\ancart\template\common\header.tpl on line 20
2016-02-24 16:04:51 - PHP Notice:  Undefined variable: google_analytics in C:\xampp\htdocs\opencart\catalog\view\theme\ancart\template\common\header.tpl on line 40
2016-02-24 16:05:01 - PHP Notice:  Undefined variable: icon in C:\xampp\htdocs\opencart\catalog\view\theme\ancart\template\common\header.tpl on line 20
2016-02-24 16:05:01 - PHP Notice:  Undefined variable: google_analytics in C:\xampp\htdocs\opencart\catalog\view\theme\ancart\template\common\header.tpl on line 40
2016-02-24 16:05:04 - PHP Notice:  Undefined variable: icon in C:\xampp\htdocs\opencart\catalog\view\theme\ancart\template\common\header.tpl on line 20
2016-02-24 16:05:04 - PHP Notice:  Undefined variable: google_analytics in C:\xampp\htdocs\opencart\catalog\view\theme\ancart\template\common\header.tpl on line 40
2016-02-24 16:05:54 - PHP Notice:  Undefined variable: icon in C:\xampp\htdocs\opencart\catalog\view\theme\ancart\template\common\header.tpl on line 20
2016-02-24 16:05:54 - PHP Notice:  Undefined variable: google_analytics in C:\xampp\htdocs\opencart\catalog\view\theme\ancart\template\common\header.tpl on line 40
2016-02-24 16:06:40 - PHP Notice:  Undefined variable: icon in C:\xampp\htdocs\opencart\catalog\view\theme\ancart\template\common\header.tpl on line 20
2016-02-24 16:06:40 - PHP Notice:  Undefined variable: google_analytics in C:\xampp\htdocs\opencart\catalog\view\theme\ancart\template\common\header.tpl on line 40
2016-02-24 16:06:54 - PHP Notice:  Undefined variable: icon in C:\xampp\htdocs\opencart\catalog\view\theme\ancart\template\common\header.tpl on line 20
2016-02-24 16:06:54 - PHP Notice:  Undefined variable: google_analytics in C:\xampp\htdocs\opencart\catalog\view\theme\ancart\template\common\header.tpl on line 40
2016-02-24 16:06:54 - PHP Notice:  Undefined variable: site_key in C:\xampp\htdocs\opencart\catalog\view\theme\ancart\template\product\product.tpl on line 104
2016-02-24 16:09:45 - PHP Notice:  Undefined variable: icon in C:\xampp\htdocs\opencart\catalog\view\theme\ancart\template\common\header.tpl on line 20
2016-02-24 16:09:45 - PHP Notice:  Undefined variable: google_analytics in C:\xampp\htdocs\opencart\catalog\view\theme\ancart\template\common\header.tpl on line 40
2016-02-24 16:09:45 - PHP Notice:  Undefined variable: site_key in C:\xampp\htdocs\opencart\catalog\view\theme\ancart\template\product\product.tpl on line 104
2016-02-24 16:10:16 - PHP Notice:  Undefined variable: icon in C:\xampp\htdocs\opencart\catalog\view\theme\ancart\template\common\header.tpl on line 20
2016-02-24 16:10:16 - PHP Notice:  Undefined variable: google_analytics in C:\xampp\htdocs\opencart\catalog\view\theme\ancart\template\common\header.tpl on line 40
2016-02-24 16:10:16 - PHP Notice:  Undefined variable: site_key in C:\xampp\htdocs\opencart\catalog\view\theme\ancart\template\product\product.tpl on line 104
2016-02-24 16:12:58 - PHP Notice:  Undefined variable: icon in C:\xampp\htdocs\opencart\catalog\view\theme\ancart\template\common\header.tpl on line 20
2016-02-24 16:12:58 - PHP Notice:  Undefined variable: google_analytics in C:\xampp\htdocs\opencart\catalog\view\theme\ancart\template\common\header.tpl on line 40
2016-02-24 16:13:36 - PHP Notice:  Undefined variable: icon in C:\xampp\htdocs\opencart\catalog\view\theme\ancart\template\common\header.tpl on line 20
2016-02-24 16:13:36 - PHP Notice:  Undefined variable: google_analytics in C:\xampp\htdocs\opencart\catalog\view\theme\ancart\template\common\header.tpl on line 40
2016-02-24 16:17:12 - PHP Notice:  Undefined variable: icon in C:\xampp\htdocs\opencart\catalog\view\theme\ancart\template\common\header.tpl on line 20
2016-02-24 16:17:12 - PHP Notice:  Undefined variable: google_analytics in C:\xampp\htdocs\opencart\catalog\view\theme\ancart\template\common\header.tpl on line 40
2016-02-24 16:18:27 - PHP Notice:  Undefined variable: google_analytics in C:\xampp\htdocs\opencart\catalog\view\theme\ancart\template\common\header.tpl on line 38
2016-02-24 17:41:36 - PHP Notice:  Undefined index: sort_order in C:\xampp\htdocs\opencart\admin\model\design\banner.php on line 12
2016-02-25 12:10:27 - PHP Notice:  Undefined variable: site_key in C:\xampp\htdocs\opencart\catalog\view\theme\ancart\template\product\product.tpl on line 104
2016-02-25 12:36:21 - PHP Notice:  Undefined variable: site_key in C:\xampp\htdocs\opencart\catalog\view\theme\ancart\template\product\product.tpl on line 104
2016-02-25 14:06:26 - PHP Notice:  Undefined variable: site_key in C:\xampp\htdocs\opencart\catalog\view\theme\ancart\template\product\product.tpl on line 104
2016-02-25 14:06:56 - PHP Notice:  Undefined variable: site_key in C:\xampp\htdocs\opencart\catalog\view\theme\ancart\template\product\product.tpl on line 104
2016-02-25 15:55:30 - PHP Notice:  Undefined variable: site_key in C:\xampp\htdocs\opencart\catalog\view\theme\ancart\template\product\product.tpl on line 104
2016-02-25 22:02:48 - PHP Notice:  Indirect modification of overloaded property ControllerCommonHeader::$data has no effect in C:\xampp\htdocs\opencart\catalog\controller\common\header.php on line 177
2016-02-25 22:02:48 - PHP Notice:  Indirect modification of overloaded property ControllerCommonHeader::$data has no effect in C:\xampp\htdocs\opencart\catalog\controller\common\header.php on line 177
2016-02-25 22:02:49 - PHP Notice:  Undefined variable: direction in C:\xampp\htdocs\opencart\catalog\view\theme\ancart\template\common\header.tpl on line 3
2016-02-25 22:02:49 - PHP Notice:  Undefined variable: lang in C:\xampp\htdocs\opencart\catalog\view\theme\ancart\template\common\header.tpl on line 3
2016-02-25 22:02:49 - PHP Notice:  Undefined variable: direction in C:\xampp\htdocs\opencart\catalog\view\theme\ancart\template\common\header.tpl on line 4
2016-02-25 22:02:49 - PHP Notice:  Undefined variable: lang in C:\xampp\htdocs\opencart\catalog\view\theme\ancart\template\common\header.tpl on line 4
2016-02-25 22:02:49 - PHP Notice:  Undefined variable: direction in C:\xampp\htdocs\opencart\catalog\view\theme\ancart\template\common\header.tpl on line 6
2016-02-25 22:02:49 - PHP Notice:  Undefined variable: lang in C:\xampp\htdocs\opencart\catalog\view\theme\ancart\template\common\header.tpl on line 6
2016-02-25 22:02:49 - PHP Notice:  Undefined variable: title in C:\xampp\htdocs\opencart\catalog\view\theme\ancart\template\common\header.tpl on line 11
2016-02-25 22:02:49 - PHP Notice:  Undefined variable: base in C:\xampp\htdocs\opencart\catalog\view\theme\ancart\template\common\header.tpl on line 12
2016-02-25 22:02:49 - PHP Notice:  Undefined variable: description in C:\xampp\htdocs\opencart\catalog\view\theme\ancart\template\common\header.tpl on line 13
2016-02-25 22:02:49 - PHP Notice:  Undefined variable: keywords in C:\xampp\htdocs\opencart\catalog\view\theme\ancart\template\common\header.tpl on line 16
2016-02-25 22:02:49 - PHP Notice:  Undefined variable: links in C:\xampp\htdocs\opencart\catalog\view\theme\ancart\template\common\header.tpl on line 21
2016-02-25 22:02:49 - PHP Warning:  Invalid argument supplied for foreach() in C:\xampp\htdocs\opencart\catalog\view\theme\ancart\template\common\header.tpl on line 21
2016-02-25 22:02:49 - PHP Notice:  Undefined variable: styles in C:\xampp\htdocs\opencart\catalog\view\theme\ancart\template\common\header.tpl on line 31
2016-02-25 22:02:49 - PHP Warning:  Invalid argument supplied for foreach() in C:\xampp\htdocs\opencart\catalog\view\theme\ancart\template\common\header.tpl on line 31
2016-02-25 22:02:49 - PHP Notice:  Undefined variable: scripts in C:\xampp\htdocs\opencart\catalog\view\theme\ancart\template\common\header.tpl on line 35
2016-02-25 22:02:49 - PHP Warning:  Invalid argument supplied for foreach() in C:\xampp\htdocs\opencart\catalog\view\theme\ancart\template\common\header.tpl on line 35
2016-02-25 22:02:49 - PHP Notice:  Undefined variable: contact in C:\xampp\htdocs\opencart\catalog\view\theme\ancart\template\common\header.tpl on line 48
2016-02-25 22:02:49 - PHP Notice:  Undefined variable: telephone in C:\xampp\htdocs\opencart\catalog\view\theme\ancart\template\common\header.tpl on line 48
2016-02-25 22:02:49 - PHP Notice:  Undefined variable: account in C:\xampp\htdocs\opencart\catalog\view\theme\ancart\template\common\header.tpl on line 49
2016-02-25 22:02:49 - PHP Notice:  Undefined variable: text_account in C:\xampp\htdocs\opencart\catalog\view\theme\ancart\template\common\header.tpl on line 49
2016-02-25 22:02:49 - PHP Notice:  Undefined variable: text_account in C:\xampp\htdocs\opencart\catalog\view\theme\ancart\template\common\header.tpl on line 49
2016-02-25 22:02:49 - PHP Notice:  Undefined variable: logged in C:\xampp\htdocs\opencart\catalog\view\theme\ancart\template\common\header.tpl on line 51
2016-02-25 22:02:49 - PHP Notice:  Undefined variable: register in C:\xampp\htdocs\opencart\catalog\view\theme\ancart\template\common\header.tpl on line 58
2016-02-25 22:02:49 - PHP Notice:  Undefined variable: text_register in C:\xampp\htdocs\opencart\catalog\view\theme\ancart\template\common\header.tpl on line 58
2016-02-25 22:02:49 - PHP Notice:  Undefined variable: login in C:\xampp\htdocs\opencart\catalog\view\theme\ancart\template\common\header.tpl on line 59
2016-02-25 22:02:49 - PHP Notice:  Undefined variable: text_login in C:\xampp\htdocs\opencart\catalog\view\theme\ancart\template\common\header.tpl on line 59
2016-02-25 22:02:49 - PHP Notice:  Undefined variable: wishlist in C:\xampp\htdocs\opencart\catalog\view\theme\ancart\template\common\header.tpl on line 63
2016-02-25 22:02:49 - PHP Notice:  Undefined variable: text_wishlist in C:\xampp\htdocs\opencart\catalog\view\theme\ancart\template\common\header.tpl on line 63
2016-02-25 22:02:49 - PHP Notice:  Undefined variable: text_wishlist in C:\xampp\htdocs\opencart\catalog\view\theme\ancart\template\common\header.tpl on line 63
2016-02-25 22:02:49 - PHP Notice:  Undefined variable: shopping_cart in C:\xampp\htdocs\opencart\catalog\view\theme\ancart\template\common\header.tpl on line 64
2016-02-25 22:02:49 - PHP Notice:  Undefined variable: text_shopping_cart in C:\xampp\htdocs\opencart\catalog\view\theme\ancart\template\common\header.tpl on line 64
2016-02-25 22:02:49 - PHP Notice:  Undefined variable: text_shopping_cart in C:\xampp\htdocs\opencart\catalog\view\theme\ancart\template\common\header.tpl on line 64
2016-02-25 22:02:49 - PHP Notice:  Undefined variable: checkout in C:\xampp\htdocs\opencart\catalog\view\theme\ancart\template\common\header.tpl on line 65
2016-02-25 22:02:49 - PHP Notice:  Undefined variable: text_checkout in C:\xampp\htdocs\opencart\catalog\view\theme\ancart\template\common\header.tpl on line 65
2016-02-25 22:02:49 - PHP Notice:  Undefined variable: text_checkout in C:\xampp\htdocs\opencart\catalog\view\theme\ancart\template\common\header.tpl on line 65
2016-02-25 22:02:49 - PHP Notice:  Undefined variable: logo in C:\xampp\htdocs\opencart\catalog\view\theme\ancart\template\common\header.tpl on line 75
2016-02-25 22:02:49 - PHP Notice:  Undefined variable: home in C:\xampp\htdocs\opencart\catalog\view\theme\ancart\template\common\header.tpl on line 78
2016-02-25 22:02:49 - PHP Notice:  Undefined variable: name in C:\xampp\htdocs\opencart\catalog\view\theme\ancart\template\common\header.tpl on line 78
2016-02-25 22:02:49 - PHP Notice:  Undefined variable: categories in C:\xampp\htdocs\opencart\catalog\view\theme\ancart\template\common\header.tpl on line 88
2016-02-25 22:03:08 - PHP Notice:  Indirect modification of overloaded property ControllerCommonHeader::$data has no effect in C:\xampp\htdocs\opencart\catalog\controller\common\header.php on line 177
2016-02-25 22:03:08 - PHP Notice:  Indirect modification of overloaded property ControllerCommonHeader::$data has no effect in C:\xampp\htdocs\opencart\catalog\controller\common\header.php on line 177
2016-02-25 22:03:08 - PHP Notice:  Undefined variable: direction in C:\xampp\htdocs\opencart\catalog\view\theme\ancart\template\common\header.tpl on line 3
2016-02-25 22:03:08 - PHP Notice:  Undefined variable: lang in C:\xampp\htdocs\opencart\catalog\view\theme\ancart\template\common\header.tpl on line 3
2016-02-25 22:03:08 - PHP Notice:  Undefined variable: direction in C:\xampp\htdocs\opencart\catalog\view\theme\ancart\template\common\header.tpl on line 4
2016-02-25 22:03:08 - PHP Notice:  Undefined variable: lang in C:\xampp\htdocs\opencart\catalog\view\theme\ancart\template\common\header.tpl on line 4
2016-02-25 22:03:08 - PHP Notice:  Undefined variable: direction in C:\xampp\htdocs\opencart\catalog\view\theme\ancart\template\common\header.tpl on line 6
2016-02-25 22:03:08 - PHP Notice:  Undefined variable: lang in C:\xampp\htdocs\opencart\catalog\view\theme\ancart\template\common\header.tpl on line 6
2016-02-25 22:03:08 - PHP Notice:  Undefined variable: title in C:\xampp\htdocs\opencart\catalog\view\theme\ancart\template\common\header.tpl on line 11
2016-02-25 22:03:08 - PHP Notice:  Undefined variable: base in C:\xampp\htdocs\opencart\catalog\view\theme\ancart\template\common\header.tpl on line 12
2016-02-25 22:03:08 - PHP Notice:  Undefined variable: description in C:\xampp\htdocs\opencart\catalog\view\theme\ancart\template\common\header.tpl on line 13
2016-02-25 22:03:08 - PHP Notice:  Undefined variable: keywords in C:\xampp\htdocs\opencart\catalog\view\theme\ancart\template\common\header.tpl on line 16
2016-02-25 22:03:08 - PHP Notice:  Undefined variable: links in C:\xampp\htdocs\opencart\catalog\view\theme\ancart\template\common\header.tpl on line 21
2016-02-25 22:03:08 - PHP Warning:  Invalid argument supplied for foreach() in C:\xampp\htdocs\opencart\catalog\view\theme\ancart\template\common\header.tpl on line 21
2016-02-25 22:03:08 - PHP Notice:  Undefined variable: styles in C:\xampp\htdocs\opencart\catalog\view\theme\ancart\template\common\header.tpl on line 31
2016-02-25 22:03:08 - PHP Warning:  Invalid argument supplied for foreach() in C:\xampp\htdocs\opencart\catalog\view\theme\ancart\template\common\header.tpl on line 31
2016-02-25 22:03:08 - PHP Notice:  Undefined variable: scripts in C:\xampp\htdocs\opencart\catalog\view\theme\ancart\template\common\header.tpl on line 35
2016-02-25 22:03:08 - PHP Warning:  Invalid argument supplied for foreach() in C:\xampp\htdocs\opencart\catalog\view\theme\ancart\template\common\header.tpl on line 35
2016-02-25 22:03:08 - PHP Notice:  Undefined variable: contact in C:\xampp\htdocs\opencart\catalog\view\theme\ancart\template\common\header.tpl on line 48
2016-02-25 22:03:08 - PHP Notice:  Undefined variable: telephone in C:\xampp\htdocs\opencart\catalog\view\theme\ancart\template\common\header.tpl on line 48
2016-02-25 22:03:08 - PHP Notice:  Undefined variable: account in C:\xampp\htdocs\opencart\catalog\view\theme\ancart\template\common\header.tpl on line 49
2016-02-25 22:03:08 - PHP Notice:  Undefined variable: text_account in C:\xampp\htdocs\opencart\catalog\view\theme\ancart\template\common\header.tpl on line 49
2016-02-25 22:03:08 - PHP Notice:  Undefined variable: text_account in C:\xampp\htdocs\opencart\catalog\view\theme\ancart\template\common\header.tpl on line 49
2016-02-25 22:03:08 - PHP Notice:  Undefined variable: logged in C:\xampp\htdocs\opencart\catalog\view\theme\ancart\template\common\header.tpl on line 51
2016-02-25 22:03:08 - PHP Notice:  Undefined variable: register in C:\xampp\htdocs\opencart\catalog\view\theme\ancart\template\common\header.tpl on line 58
2016-02-25 22:03:08 - PHP Notice:  Undefined variable: text_register in C:\xampp\htdocs\opencart\catalog\view\theme\ancart\template\common\header.tpl on line 58
2016-02-25 22:03:08 - PHP Notice:  Undefined variable: login in C:\xampp\htdocs\opencart\catalog\view\theme\ancart\template\common\header.tpl on line 59
2016-02-25 22:03:08 - PHP Notice:  Undefined variable: text_login in C:\xampp\htdocs\opencart\catalog\view\theme\ancart\template\common\header.tpl on line 59
2016-02-25 22:03:08 - PHP Notice:  Undefined variable: wishlist in C:\xampp\htdocs\opencart\catalog\view\theme\ancart\template\common\header.tpl on line 63
2016-02-25 22:03:08 - PHP Notice:  Undefined variable: text_wishlist in C:\xampp\htdocs\opencart\catalog\view\theme\ancart\template\common\header.tpl on line 63
2016-02-25 22:03:08 - PHP Notice:  Undefined variable: text_wishlist in C:\xampp\htdocs\opencart\catalog\view\theme\ancart\template\common\header.tpl on line 63
2016-02-25 22:03:08 - PHP Notice:  Undefined variable: shopping_cart in C:\xampp\htdocs\opencart\catalog\view\theme\ancart\template\common\header.tpl on line 64
2016-02-25 22:03:08 - PHP Notice:  Undefined variable: text_shopping_cart in C:\xampp\htdocs\opencart\catalog\view\theme\ancart\template\common\header.tpl on line 64
2016-02-25 22:03:08 - PHP Notice:  Undefined variable: text_shopping_cart in C:\xampp\htdocs\opencart\catalog\view\theme\ancart\template\common\header.tpl on line 64
2016-02-25 22:03:08 - PHP Notice:  Undefined variable: checkout in C:\xampp\htdocs\opencart\catalog\view\theme\ancart\template\common\header.tpl on line 65
2016-02-25 22:03:08 - PHP Notice:  Undefined variable: text_checkout in C:\xampp\htdocs\opencart\catalog\view\theme\ancart\template\common\header.tpl on line 65
2016-02-25 22:03:08 - PHP Notice:  Undefined variable: text_checkout in C:\xampp\htdocs\opencart\catalog\view\theme\ancart\template\common\header.tpl on line 65
2016-02-25 22:03:08 - PHP Notice:  Undefined variable: logo in C:\xampp\htdocs\opencart\catalog\view\theme\ancart\template\common\header.tpl on line 75
2016-02-25 22:03:08 - PHP Notice:  Undefined variable: home in C:\xampp\htdocs\opencart\catalog\view\theme\ancart\template\common\header.tpl on line 78
2016-02-25 22:03:08 - PHP Notice:  Undefined variable: name in C:\xampp\htdocs\opencart\catalog\view\theme\ancart\template\common\header.tpl on line 78
2016-02-25 22:03:08 - PHP Notice:  Undefined variable: categories in C:\xampp\htdocs\opencart\catalog\view\theme\ancart\template\common\header.tpl on line 88
2016-02-25 22:03:14 - PHP Notice:  Indirect modification of overloaded property ControllerCommonHeader::$data has no effect in C:\xampp\htdocs\opencart\catalog\controller\common\header.php on line 177
2016-02-25 22:03:14 - PHP Notice:  Indirect modification of overloaded property ControllerCommonHeader::$data has no effect in C:\xampp\htdocs\opencart\catalog\controller\common\header.php on line 177
2016-02-25 22:03:14 - PHP Notice:  Undefined variable: direction in C:\xampp\htdocs\opencart\catalog\view\theme\ancart\template\common\header.tpl on line 3
2016-02-25 22:03:14 - PHP Notice:  Undefined variable: lang in C:\xampp\htdocs\opencart\catalog\view\theme\ancart\template\common\header.tpl on line 3
2016-02-25 22:03:14 - PHP Notice:  Undefined variable: direction in C:\xampp\htdocs\opencart\catalog\view\theme\ancart\template\common\header.tpl on line 4
2016-02-25 22:03:14 - PHP Notice:  Undefined variable: lang in C:\xampp\htdocs\opencart\catalog\view\theme\ancart\template\common\header.tpl on line 4
2016-02-25 22:03:14 - PHP Notice:  Undefined variable: direction in C:\xampp\htdocs\opencart\catalog\view\theme\ancart\template\common\header.tpl on line 6
2016-02-25 22:03:14 - PHP Notice:  Undefined variable: lang in C:\xampp\htdocs\opencart\catalog\view\theme\ancart\template\common\header.tpl on line 6
2016-02-25 22:03:14 - PHP Notice:  Undefined variable: title in C:\xampp\htdocs\opencart\catalog\view\theme\ancart\template\common\header.tpl on line 11
2016-02-25 22:03:14 - PHP Notice:  Undefined variable: base in C:\xampp\htdocs\opencart\catalog\view\theme\ancart\template\common\header.tpl on line 12
2016-02-25 22:03:14 - PHP Notice:  Undefined variable: description in C:\xampp\htdocs\opencart\catalog\view\theme\ancart\template\common\header.tpl on line 13
2016-02-25 22:03:14 - PHP Notice:  Undefined variable: keywords in C:\xampp\htdocs\opencart\catalog\view\theme\ancart\template\common\header.tpl on line 16
2016-02-25 22:03:14 - PHP Notice:  Undefined variable: links in C:\xampp\htdocs\opencart\catalog\view\theme\ancart\template\common\header.tpl on line 21
2016-02-25 22:03:14 - PHP Warning:  Invalid argument supplied for foreach() in C:\xampp\htdocs\opencart\catalog\view\theme\ancart\template\common\header.tpl on line 21
2016-02-25 22:03:14 - PHP Notice:  Undefined variable: styles in C:\xampp\htdocs\opencart\catalog\view\theme\ancart\template\common\header.tpl on line 31
2016-02-25 22:03:14 - PHP Warning:  Invalid argument supplied for foreach() in C:\xampp\htdocs\opencart\catalog\view\theme\ancart\template\common\header.tpl on line 31
2016-02-25 22:03:14 - PHP Notice:  Undefined variable: scripts in C:\xampp\htdocs\opencart\catalog\view\theme\ancart\template\common\header.tpl on line 35
2016-02-25 22:03:14 - PHP Warning:  Invalid argument supplied for foreach() in C:\xampp\htdocs\opencart\catalog\view\theme\ancart\template\common\header.tpl on line 35
2016-02-25 22:03:14 - PHP Notice:  Undefined variable: contact in C:\xampp\htdocs\opencart\catalog\view\theme\ancart\template\common\header.tpl on line 48
2016-02-25 22:03:14 - PHP Notice:  Undefined variable: telephone in C:\xampp\htdocs\opencart\catalog\view\theme\ancart\template\common\header.tpl on line 48
2016-02-25 22:03:14 - PHP Notice:  Undefined variable: account in C:\xampp\htdocs\opencart\catalog\view\theme\ancart\template\common\header.tpl on line 49
2016-02-25 22:03:14 - PHP Notice:  Undefined variable: text_account in C:\xampp\htdocs\opencart\catalog\view\theme\ancart\template\common\header.tpl on line 49
2016-02-25 22:03:14 - PHP Notice:  Undefined variable: text_account in C:\xampp\htdocs\opencart\catalog\view\theme\ancart\template\common\header.tpl on line 49
2016-02-25 22:03:14 - PHP Notice:  Undefined variable: logged in C:\xampp\htdocs\opencart\catalog\view\theme\ancart\template\common\header.tpl on line 51
2016-02-25 22:03:14 - PHP Notice:  Undefined variable: register in C:\xampp\htdocs\opencart\catalog\view\theme\ancart\template\common\header.tpl on line 58
2016-02-25 22:03:14 - PHP Notice:  Undefined variable: text_register in C:\xampp\htdocs\opencart\catalog\view\theme\ancart\template\common\header.tpl on line 58
2016-02-25 22:03:14 - PHP Notice:  Undefined variable: login in C:\xampp\htdocs\opencart\catalog\view\theme\ancart\template\common\header.tpl on line 59
2016-02-25 22:03:14 - PHP Notice:  Undefined variable: text_login in C:\xampp\htdocs\opencart\catalog\view\theme\ancart\template\common\header.tpl on line 59
2016-02-25 22:03:14 - PHP Notice:  Undefined variable: wishlist in C:\xampp\htdocs\opencart\catalog\view\theme\ancart\template\common\header.tpl on line 63
2016-02-25 22:03:14 - PHP Notice:  Undefined variable: text_wishlist in C:\xampp\htdocs\opencart\catalog\view\theme\ancart\template\common\header.tpl on line 63
2016-02-25 22:03:14 - PHP Notice:  Undefined variable: text_wishlist in C:\xampp\htdocs\opencart\catalog\view\theme\ancart\template\common\header.tpl on line 63
2016-02-25 22:03:14 - PHP Notice:  Undefined variable: shopping_cart in C:\xampp\htdocs\opencart\catalog\view\theme\ancart\template\common\header.tpl on line 64
2016-02-25 22:03:14 - PHP Notice:  Undefined variable: text_shopping_cart in C:\xampp\htdocs\opencart\catalog\view\theme\ancart\template\common\header.tpl on line 64
2016-02-25 22:03:14 - PHP Notice:  Undefined variable: text_shopping_cart in C:\xampp\htdocs\opencart\catalog\view\theme\ancart\template\common\header.tpl on line 64
2016-02-25 22:03:14 - PHP Notice:  Undefined variable: checkout in C:\xampp\htdocs\opencart\catalog\view\theme\ancart\template\common\header.tpl on line 65
2016-02-25 22:03:14 - PHP Notice:  Undefined variable: text_checkout in C:\xampp\htdocs\opencart\catalog\view\theme\ancart\template\common\header.tpl on line 65
2016-02-25 22:03:14 - PHP Notice:  Undefined variable: text_checkout in C:\xampp\htdocs\opencart\catalog\view\theme\ancart\template\common\header.tpl on line 65
2016-02-25 22:03:14 - PHP Notice:  Undefined variable: logo in C:\xampp\htdocs\opencart\catalog\view\theme\ancart\template\common\header.tpl on line 75
2016-02-25 22:03:14 - PHP Notice:  Undefined variable: home in C:\xampp\htdocs\opencart\catalog\view\theme\ancart\template\common\header.tpl on line 78
2016-02-25 22:03:14 - PHP Notice:  Undefined variable: name in C:\xampp\htdocs\opencart\catalog\view\theme\ancart\template\common\header.tpl on line 78
2016-02-25 22:03:14 - PHP Notice:  Undefined variable: categories in C:\xampp\htdocs\opencart\catalog\view\theme\ancart\template\common\header.tpl on line 88
2016-02-25 22:03:15 - PHP Notice:  Indirect modification of overloaded property ControllerCommonHeader::$data has no effect in C:\xampp\htdocs\opencart\catalog\controller\common\header.php on line 177
2016-02-25 22:03:15 - PHP Notice:  Indirect modification of overloaded property ControllerCommonHeader::$data has no effect in C:\xampp\htdocs\opencart\catalog\controller\common\header.php on line 177
2016-02-25 22:03:15 - PHP Notice:  Undefined variable: direction in C:\xampp\htdocs\opencart\catalog\view\theme\ancart\template\common\header.tpl on line 3
2016-02-25 22:03:15 - PHP Notice:  Undefined variable: lang in C:\xampp\htdocs\opencart\catalog\view\theme\ancart\template\common\header.tpl on line 3
2016-02-25 22:03:15 - PHP Notice:  Undefined variable: direction in C:\xampp\htdocs\opencart\catalog\view\theme\ancart\template\common\header.tpl on line 4
2016-02-25 22:03:15 - PHP Notice:  Undefined variable: lang in C:\xampp\htdocs\opencart\catalog\view\theme\ancart\template\common\header.tpl on line 4
2016-02-25 22:03:15 - PHP Notice:  Undefined variable: direction in C:\xampp\htdocs\opencart\catalog\view\theme\ancart\template\common\header.tpl on line 6
2016-02-25 22:03:15 - PHP Notice:  Undefined variable: lang in C:\xampp\htdocs\opencart\catalog\view\theme\ancart\template\common\header.tpl on line 6
2016-02-25 22:03:15 - PHP Notice:  Undefined variable: title in C:\xampp\htdocs\opencart\catalog\view\theme\ancart\template\common\header.tpl on line 11
2016-02-25 22:03:15 - PHP Notice:  Undefined variable: base in C:\xampp\htdocs\opencart\catalog\view\theme\ancart\template\common\header.tpl on line 12
2016-02-25 22:03:15 - PHP Notice:  Undefined variable: description in C:\xampp\htdocs\opencart\catalog\view\theme\ancart\template\common\header.tpl on line 13
2016-02-25 22:03:15 - PHP Notice:  Undefined variable: keywords in C:\xampp\htdocs\opencart\catalog\view\theme\ancart\template\common\header.tpl on line 16
2016-02-25 22:03:15 - PHP Notice:  Undefined variable: links in C:\xampp\htdocs\opencart\catalog\view\theme\ancart\template\common\header.tpl on line 21
2016-02-25 22:03:15 - PHP Warning:  Invalid argument supplied for foreach() in C:\xampp\htdocs\opencart\catalog\view\theme\ancart\template\common\header.tpl on line 21
2016-02-25 22:03:15 - PHP Notice:  Undefined variable: styles in C:\xampp\htdocs\opencart\catalog\view\theme\ancart\template\common\header.tpl on line 31
2016-02-25 22:03:15 - PHP Warning:  Invalid argument supplied for foreach() in C:\xampp\htdocs\opencart\catalog\view\theme\ancart\template\common\header.tpl on line 31
2016-02-25 22:03:15 - PHP Notice:  Undefined variable: scripts in C:\xampp\htdocs\opencart\catalog\view\theme\ancart\template\common\header.tpl on line 35
2016-02-25 22:03:15 - PHP Warning:  Invalid argument supplied for foreach() in C:\xampp\htdocs\opencart\catalog\view\theme\ancart\template\common\header.tpl on line 35
2016-02-25 22:03:15 - PHP Notice:  Undefined variable: contact in C:\xampp\htdocs\opencart\catalog\view\theme\ancart\template\common\header.tpl on line 48
2016-02-25 22:03:15 - PHP Notice:  Undefined variable: telephone in C:\xampp\htdocs\opencart\catalog\view\theme\ancart\template\common\header.tpl on line 48
2016-02-25 22:03:15 - PHP Notice:  Undefined variable: account in C:\xampp\htdocs\opencart\catalog\view\theme\ancart\template\common\header.tpl on line 49
2016-02-25 22:03:15 - PHP Notice:  Undefined variable: text_account in C:\xampp\htdocs\opencart\catalog\view\theme\ancart\template\common\header.tpl on line 49
2016-02-25 22:03:15 - PHP Notice:  Undefined variable: text_account in C:\xampp\htdocs\opencart\catalog\view\theme\ancart\template\common\header.tpl on line 49
2016-02-25 22:03:15 - PHP Notice:  Undefined variable: logged in C:\xampp\htdocs\opencart\catalog\view\theme\ancart\template\common\header.tpl on line 51
2016-02-25 22:03:15 - PHP Notice:  Undefined variable: register in C:\xampp\htdocs\opencart\catalog\view\theme\ancart\template\common\header.tpl on line 58
2016-02-25 22:03:15 - PHP Notice:  Undefined variable: text_register in C:\xampp\htdocs\opencart\catalog\view\theme\ancart\template\common\header.tpl on line 58
2016-02-25 22:03:15 - PHP Notice:  Undefined variable: login in C:\xampp\htdocs\opencart\catalog\view\theme\ancart\template\common\header.tpl on line 59
2016-02-25 22:03:15 - PHP Notice:  Undefined variable: text_login in C:\xampp\htdocs\opencart\catalog\view\theme\ancart\template\common\header.tpl on line 59
2016-02-25 22:03:15 - PHP Notice:  Undefined variable: wishlist in C:\xampp\htdocs\opencart\catalog\view\theme\ancart\template\common\header.tpl on line 63
2016-02-25 22:03:15 - PHP Notice:  Undefined variable: text_wishlist in C:\xampp\htdocs\opencart\catalog\view\theme\ancart\template\common\header.tpl on line 63
2016-02-25 22:03:15 - PHP Notice:  Undefined variable: text_wishlist in C:\xampp\htdocs\opencart\catalog\view\theme\ancart\template\common\header.tpl on line 63
2016-02-25 22:03:15 - PHP Notice:  Undefined variable: shopping_cart in C:\xampp\htdocs\opencart\catalog\view\theme\ancart\template\common\header.tpl on line 64
2016-02-25 22:03:15 - PHP Notice:  Undefined variable: text_shopping_cart in C:\xampp\htdocs\opencart\catalog\view\theme\ancart\template\common\header.tpl on line 64
2016-02-25 22:03:15 - PHP Notice:  Undefined variable: text_shopping_cart in C:\xampp\htdocs\opencart\catalog\view\theme\ancart\template\common\header.tpl on line 64
2016-02-25 22:03:15 - PHP Notice:  Undefined variable: checkout in C:\xampp\htdocs\opencart\catalog\view\theme\ancart\template\common\header.tpl on line 65
2016-02-25 22:03:15 - PHP Notice:  Undefined variable: text_checkout in C:\xampp\htdocs\opencart\catalog\view\theme\ancart\template\common\header.tpl on line 65
2016-02-25 22:03:15 - PHP Notice:  Undefined variable: text_checkout in C:\xampp\htdocs\opencart\catalog\view\theme\ancart\template\common\header.tpl on line 65
2016-02-25 22:03:15 - PHP Notice:  Undefined variable: logo in C:\xampp\htdocs\opencart\catalog\view\theme\ancart\template\common\header.tpl on line 75
2016-02-25 22:03:15 - PHP Notice:  Undefined variable: home in C:\xampp\htdocs\opencart\catalog\view\theme\ancart\template\common\header.tpl on line 78
2016-02-25 22:03:15 - PHP Notice:  Undefined variable: name in C:\xampp\htdocs\opencart\catalog\view\theme\ancart\template\common\header.tpl on line 78
2016-02-25 22:03:15 - PHP Notice:  Undefined variable: categories in C:\xampp\htdocs\opencart\catalog\view\theme\ancart\template\common\header.tpl on line 88
2016-02-25 22:03:15 - PHP Notice:  Undefined variable: site_key in C:\xampp\htdocs\opencart\catalog\view\theme\ancart\template\product\product.tpl on line 104
2016-02-25 22:03:16 - PHP Notice:  Indirect modification of overloaded property ControllerCommonHeader::$data has no effect in C:\xampp\htdocs\opencart\catalog\controller\common\header.php on line 177
2016-02-25 22:03:16 - PHP Notice:  Indirect modification of overloaded property ControllerCommonHeader::$data has no effect in C:\xampp\htdocs\opencart\catalog\controller\common\header.php on line 177
2016-02-25 22:03:16 - PHP Notice:  Undefined variable: direction in C:\xampp\htdocs\opencart\catalog\view\theme\ancart\template\common\header.tpl on line 3
2016-02-25 22:03:16 - PHP Notice:  Undefined variable: lang in C:\xampp\htdocs\opencart\catalog\view\theme\ancart\template\common\header.tpl on line 3
2016-02-25 22:03:16 - PHP Notice:  Undefined variable: direction in C:\xampp\htdocs\opencart\catalog\view\theme\ancart\template\common\header.tpl on line 4
2016-02-25 22:03:16 - PHP Notice:  Undefined variable: lang in C:\xampp\htdocs\opencart\catalog\view\theme\ancart\template\common\header.tpl on line 4
2016-02-25 22:03:16 - PHP Notice:  Undefined variable: direction in C:\xampp\htdocs\opencart\catalog\view\theme\ancart\template\common\header.tpl on line 6
2016-02-25 22:03:16 - PHP Notice:  Undefined variable: lang in C:\xampp\htdocs\opencart\catalog\view\theme\ancart\template\common\header.tpl on line 6
2016-02-25 22:03:16 - PHP Notice:  Undefined variable: title in C:\xampp\htdocs\opencart\catalog\view\theme\ancart\template\common\header.tpl on line 11
2016-02-25 22:03:16 - PHP Notice:  Undefined variable: base in C:\xampp\htdocs\opencart\catalog\view\theme\ancart\template\common\header.tpl on line 12
2016-02-25 22:03:16 - PHP Notice:  Undefined variable: description in C:\xampp\htdocs\opencart\catalog\view\theme\ancart\template\common\header.tpl on line 13
2016-02-25 22:03:16 - PHP Notice:  Undefined variable: keywords in C:\xampp\htdocs\opencart\catalog\view\theme\ancart\template\common\header.tpl on line 16
2016-02-25 22:03:16 - PHP Notice:  Undefined variable: links in C:\xampp\htdocs\opencart\catalog\view\theme\ancart\template\common\header.tpl on line 21
2016-02-25 22:03:16 - PHP Warning:  Invalid argument supplied for foreach() in C:\xampp\htdocs\opencart\catalog\view\theme\ancart\template\common\header.tpl on line 21
2016-02-25 22:03:16 - PHP Notice:  Undefined variable: styles in C:\xampp\htdocs\opencart\catalog\view\theme\ancart\template\common\header.tpl on line 31
2016-02-25 22:03:16 - PHP Warning:  Invalid argument supplied for foreach() in C:\xampp\htdocs\opencart\catalog\view\theme\ancart\template\common\header.tpl on line 31
2016-02-25 22:03:16 - PHP Notice:  Undefined variable: scripts in C:\xampp\htdocs\opencart\catalog\view\theme\ancart\template\common\header.tpl on line 35
2016-02-25 22:03:16 - PHP Warning:  Invalid argument supplied for foreach() in C:\xampp\htdocs\opencart\catalog\view\theme\ancart\template\common\header.tpl on line 35
2016-02-25 22:03:16 - PHP Notice:  Undefined variable: contact in C:\xampp\htdocs\opencart\catalog\view\theme\ancart\template\common\header.tpl on line 48
2016-02-25 22:03:16 - PHP Notice:  Undefined variable: telephone in C:\xampp\htdocs\opencart\catalog\view\theme\ancart\template\common\header.tpl on line 48
2016-02-25 22:03:16 - PHP Notice:  Undefined variable: account in C:\xampp\htdocs\opencart\catalog\view\theme\ancart\template\common\header.tpl on line 49
2016-02-25 22:03:16 - PHP Notice:  Undefined variable: text_account in C:\xampp\htdocs\opencart\catalog\view\theme\ancart\template\common\header.tpl on line 49
2016-02-25 22:03:16 - PHP Notice:  Undefined variable: text_account in C:\xampp\htdocs\opencart\catalog\view\theme\ancart\template\common\header.tpl on line 49
2016-02-25 22:03:16 - PHP Notice:  Undefined variable: logged in C:\xampp\htdocs\opencart\catalog\view\theme\ancart\template\common\header.tpl on line 51
2016-02-25 22:03:16 - PHP Notice:  Undefined variable: register in C:\xampp\htdocs\opencart\catalog\view\theme\ancart\template\common\header.tpl on line 58
2016-02-25 22:03:16 - PHP Notice:  Undefined variable: text_register in C:\xampp\htdocs\opencart\catalog\view\theme\ancart\template\common\header.tpl on line 58
2016-02-25 22:03:16 - PHP Notice:  Undefined variable: login in C:\xampp\htdocs\opencart\catalog\view\theme\ancart\template\common\header.tpl on line 59
2016-02-25 22:03:16 - PHP Notice:  Undefined variable: text_login in C:\xampp\htdocs\opencart\catalog\view\theme\ancart\template\common\header.tpl on line 59
2016-02-25 22:03:16 - PHP Notice:  Undefined variable: wishlist in C:\xampp\htdocs\opencart\catalog\view\theme\ancart\template\common\header.tpl on line 63
2016-02-25 22:03:16 - PHP Notice:  Undefined variable: text_wishlist in C:\xampp\htdocs\opencart\catalog\view\theme\ancart\template\common\header.tpl on line 63
2016-02-25 22:03:16 - PHP Notice:  Undefined variable: text_wishlist in C:\xampp\htdocs\opencart\catalog\view\theme\ancart\template\common\header.tpl on line 63
2016-02-25 22:03:16 - PHP Notice:  Undefined variable: shopping_cart in C:\xampp\htdocs\opencart\catalog\view\theme\ancart\template\common\header.tpl on line 64
2016-02-25 22:03:16 - PHP Notice:  Undefined variable: text_shopping_cart in C:\xampp\htdocs\opencart\catalog\view\theme\ancart\template\common\header.tpl on line 64
2016-02-25 22:03:16 - PHP Notice:  Undefined variable: text_shopping_cart in C:\xampp\htdocs\opencart\catalog\view\theme\ancart\template\common\header.tpl on line 64
2016-02-25 22:03:16 - PHP Notice:  Undefined variable: checkout in C:\xampp\htdocs\opencart\catalog\view\theme\ancart\template\common\header.tpl on line 65
2016-02-25 22:03:16 - PHP Notice:  Undefined variable: text_checkout in C:\xampp\htdocs\opencart\catalog\view\theme\ancart\template\common\header.tpl on line 65
2016-02-25 22:03:16 - PHP Notice:  Undefined variable: text_checkout in C:\xampp\htdocs\opencart\catalog\view\theme\ancart\template\common\header.tpl on line 65
2016-02-25 22:03:16 - PHP Notice:  Undefined variable: logo in C:\xampp\htdocs\opencart\catalog\view\theme\ancart\template\common\header.tpl on line 75
2016-02-25 22:03:16 - PHP Notice:  Undefined variable: home in C:\xampp\htdocs\opencart\catalog\view\theme\ancart\template\common\header.tpl on line 78
2016-02-25 22:03:16 - PHP Notice:  Undefined variable: name in C:\xampp\htdocs\opencart\catalog\view\theme\ancart\template\common\header.tpl on line 78
2016-02-25 22:03:16 - PHP Notice:  Undefined variable: categories in C:\xampp\htdocs\opencart\catalog\view\theme\ancart\template\common\header.tpl on line 88
2016-02-25 22:03:17 - PHP Notice:  Indirect modification of overloaded property ControllerCommonHeader::$data has no effect in C:\xampp\htdocs\opencart\catalog\controller\common\header.php on line 177
2016-02-25 22:03:17 - PHP Notice:  Indirect modification of overloaded property ControllerCommonHeader::$data has no effect in C:\xampp\htdocs\opencart\catalog\controller\common\header.php on line 177
2016-02-25 22:03:17 - PHP Notice:  Undefined variable: direction in C:\xampp\htdocs\opencart\catalog\view\theme\ancart\template\common\header.tpl on line 3
2016-02-25 22:03:17 - PHP Notice:  Undefined variable: lang in C:\xampp\htdocs\opencart\catalog\view\theme\ancart\template\common\header.tpl on line 3
2016-02-25 22:03:17 - PHP Notice:  Undefined variable: direction in C:\xampp\htdocs\opencart\catalog\view\theme\ancart\template\common\header.tpl on line 4
2016-02-25 22:03:17 - PHP Notice:  Undefined variable: lang in C:\xampp\htdocs\opencart\catalog\view\theme\ancart\template\common\header.tpl on line 4
2016-02-25 22:03:17 - PHP Notice:  Undefined variable: direction in C:\xampp\htdocs\opencart\catalog\view\theme\ancart\template\common\header.tpl on line 6
2016-02-25 22:03:17 - PHP Notice:  Undefined variable: lang in C:\xampp\htdocs\opencart\catalog\view\theme\ancart\template\common\header.tpl on line 6
2016-02-25 22:03:17 - PHP Notice:  Undefined variable: title in C:\xampp\htdocs\opencart\catalog\view\theme\ancart\template\common\header.tpl on line 11
2016-02-25 22:03:17 - PHP Notice:  Undefined variable: base in C:\xampp\htdocs\opencart\catalog\view\theme\ancart\template\common\header.tpl on line 12
2016-02-25 22:03:17 - PHP Notice:  Undefined variable: description in C:\xampp\htdocs\opencart\catalog\view\theme\ancart\template\common\header.tpl on line 13
2016-02-25 22:03:17 - PHP Notice:  Undefined variable: keywords in C:\xampp\htdocs\opencart\catalog\view\theme\ancart\template\common\header.tpl on line 16
2016-02-25 22:03:17 - PHP Notice:  Undefined variable: links in C:\xampp\htdocs\opencart\catalog\view\theme\ancart\template\common\header.tpl on line 21
2016-02-25 22:03:17 - PHP Warning:  Invalid argument supplied for foreach() in C:\xampp\htdocs\opencart\catalog\view\theme\ancart\template\common\header.tpl on line 21
2016-02-25 22:03:17 - PHP Notice:  Undefined variable: styles in C:\xampp\htdocs\opencart\catalog\view\theme\ancart\template\common\header.tpl on line 31
2016-02-25 22:03:17 - PHP Warning:  Invalid argument supplied for foreach() in C:\xampp\htdocs\opencart\catalog\view\theme\ancart\template\common\header.tpl on line 31
2016-02-25 22:03:17 - PHP Notice:  Undefined variable: scripts in C:\xampp\htdocs\opencart\catalog\view\theme\ancart\template\common\header.tpl on line 35
2016-02-25 22:03:17 - PHP Warning:  Invalid argument supplied for foreach() in C:\xampp\htdocs\opencart\catalog\view\theme\ancart\template\common\header.tpl on line 35
2016-02-25 22:03:17 - PHP Notice:  Undefined variable: contact in C:\xampp\htdocs\opencart\catalog\view\theme\ancart\template\common\header.tpl on line 48
2016-02-25 22:03:17 - PHP Notice:  Undefined variable: telephone in C:\xampp\htdocs\opencart\catalog\view\theme\ancart\template\common\header.tpl on line 48
2016-02-25 22:03:17 - PHP Notice:  Undefined variable: account in C:\xampp\htdocs\opencart\catalog\view\theme\ancart\template\common\header.tpl on line 49
2016-02-25 22:03:17 - PHP Notice:  Undefined variable: text_account in C:\xampp\htdocs\opencart\catalog\view\theme\ancart\template\common\header.tpl on line 49
2016-02-25 22:03:17 - PHP Notice:  Undefined variable: text_account in C:\xampp\htdocs\opencart\catalog\view\theme\ancart\template\common\header.tpl on line 49
2016-02-25 22:03:17 - PHP Notice:  Undefined variable: logged in C:\xampp\htdocs\opencart\catalog\view\theme\ancart\template\common\header.tpl on line 51
2016-02-25 22:03:17 - PHP Notice:  Undefined variable: register in C:\xampp\htdocs\opencart\catalog\view\theme\ancart\template\common\header.tpl on line 58
2016-02-25 22:03:17 - PHP Notice:  Undefined variable: text_register in C:\xampp\htdocs\opencart\catalog\view\theme\ancart\template\common\header.tpl on line 58
2016-02-25 22:03:17 - PHP Notice:  Undefined variable: login in C:\xampp\htdocs\opencart\catalog\view\theme\ancart\template\common\header.tpl on line 59
2016-02-25 22:03:17 - PHP Notice:  Undefined variable: text_login in C:\xampp\htdocs\opencart\catalog\view\theme\ancart\template\common\header.tpl on line 59
2016-02-25 22:03:17 - PHP Notice:  Undefined variable: wishlist in C:\xampp\htdocs\opencart\catalog\view\theme\ancart\template\common\header.tpl on line 63
2016-02-25 22:03:17 - PHP Notice:  Undefined variable: text_wishlist in C:\xampp\htdocs\opencart\catalog\view\theme\ancart\template\common\header.tpl on line 63
2016-02-25 22:03:17 - PHP Notice:  Undefined variable: text_wishlist in C:\xampp\htdocs\opencart\catalog\view\theme\ancart\template\common\header.tpl on line 63
2016-02-25 22:03:17 - PHP Notice:  Undefined variable: shopping_cart in C:\xampp\htdocs\opencart\catalog\view\theme\ancart\template\common\header.tpl on line 64
2016-02-25 22:03:17 - PHP Notice:  Undefined variable: text_shopping_cart in C:\xampp\htdocs\opencart\catalog\view\theme\ancart\template\common\header.tpl on line 64
2016-02-25 22:03:17 - PHP Notice:  Undefined variable: text_shopping_cart in C:\xampp\htdocs\opencart\catalog\view\theme\ancart\template\common\header.tpl on line 64
2016-02-25 22:03:17 - PHP Notice:  Undefined variable: checkout in C:\xampp\htdocs\opencart\catalog\view\theme\ancart\template\common\header.tpl on line 65
2016-02-25 22:03:17 - PHP Notice:  Undefined variable: text_checkout in C:\xampp\htdocs\opencart\catalog\view\theme\ancart\template\common\header.tpl on line 65
2016-02-25 22:03:17 - PHP Notice:  Undefined variable: text_checkout in C:\xampp\htdocs\opencart\catalog\view\theme\ancart\template\common\header.tpl on line 65
2016-02-25 22:03:17 - PHP Notice:  Undefined variable: logo in C:\xampp\htdocs\opencart\catalog\view\theme\ancart\template\common\header.tpl on line 75
2016-02-25 22:03:17 - PHP Notice:  Undefined variable: home in C:\xampp\htdocs\opencart\catalog\view\theme\ancart\template\common\header.tpl on line 78
2016-02-25 22:03:17 - PHP Notice:  Undefined variable: name in C:\xampp\htdocs\opencart\catalog\view\theme\ancart\template\common\header.tpl on line 78
2016-02-25 22:03:17 - PHP Notice:  Undefined variable: categories in C:\xampp\htdocs\opencart\catalog\view\theme\ancart\template\common\header.tpl on line 88
2016-02-25 22:04:31 - PHP Notice:  Indirect modification of overloaded property ControllerCommonHeader::$data has no effect in C:\xampp\htdocs\opencart\catalog\controller\common\header.php on line 177
2016-02-25 22:04:31 - PHP Notice:  Indirect modification of overloaded property ControllerCommonHeader::$data has no effect in C:\xampp\htdocs\opencart\catalog\controller\common\header.php on line 177
2016-02-25 22:04:31 - PHP Notice:  Undefined variable: direction in C:\xampp\htdocs\opencart\catalog\view\theme\ancart\template\common\header.tpl on line 3
2016-02-25 22:04:31 - PHP Notice:  Undefined variable: lang in C:\xampp\htdocs\opencart\catalog\view\theme\ancart\template\common\header.tpl on line 3
2016-02-25 22:04:31 - PHP Notice:  Undefined variable: direction in C:\xampp\htdocs\opencart\catalog\view\theme\ancart\template\common\header.tpl on line 4
2016-02-25 22:04:31 - PHP Notice:  Undefined variable: lang in C:\xampp\htdocs\opencart\catalog\view\theme\ancart\template\common\header.tpl on line 4
2016-02-25 22:04:31 - PHP Notice:  Undefined variable: direction in C:\xampp\htdocs\opencart\catalog\view\theme\ancart\template\common\header.tpl on line 6
2016-02-25 22:04:31 - PHP Notice:  Undefined variable: lang in C:\xampp\htdocs\opencart\catalog\view\theme\ancart\template\common\header.tpl on line 6
2016-02-25 22:04:31 - PHP Notice:  Undefined variable: title in C:\xampp\htdocs\opencart\catalog\view\theme\ancart\template\common\header.tpl on line 11
2016-02-25 22:04:31 - PHP Notice:  Undefined variable: base in C:\xampp\htdocs\opencart\catalog\view\theme\ancart\template\common\header.tpl on line 12
2016-02-25 22:04:31 - PHP Notice:  Undefined variable: description in C:\xampp\htdocs\opencart\catalog\view\theme\ancart\template\common\header.tpl on line 13
2016-02-25 22:04:31 - PHP Notice:  Undefined variable: keywords in C:\xampp\htdocs\opencart\catalog\view\theme\ancart\template\common\header.tpl on line 16
2016-02-25 22:04:31 - PHP Notice:  Undefined variable: links in C:\xampp\htdocs\opencart\catalog\view\theme\ancart\template\common\header.tpl on line 21
2016-02-25 22:04:31 - PHP Warning:  Invalid argument supplied for foreach() in C:\xampp\htdocs\opencart\catalog\view\theme\ancart\template\common\header.tpl on line 21
2016-02-25 22:04:31 - PHP Notice:  Undefined variable: styles in C:\xampp\htdocs\opencart\catalog\view\theme\ancart\template\common\header.tpl on line 31
2016-02-25 22:04:31 - PHP Warning:  Invalid argument supplied for foreach() in C:\xampp\htdocs\opencart\catalog\view\theme\ancart\template\common\header.tpl on line 31
2016-02-25 22:04:31 - PHP Notice:  Undefined variable: scripts in C:\xampp\htdocs\opencart\catalog\view\theme\ancart\template\common\header.tpl on line 35
2016-02-25 22:04:31 - PHP Warning:  Invalid argument supplied for foreach() in C:\xampp\htdocs\opencart\catalog\view\theme\ancart\template\common\header.tpl on line 35
2016-02-25 22:04:31 - PHP Notice:  Undefined variable: contact in C:\xampp\htdocs\opencart\catalog\view\theme\ancart\template\common\header.tpl on line 48
2016-02-25 22:04:31 - PHP Notice:  Undefined variable: telephone in C:\xampp\htdocs\opencart\catalog\view\theme\ancart\template\common\header.tpl on line 48
2016-02-25 22:04:31 - PHP Notice:  Undefined variable: account in C:\xampp\htdocs\opencart\catalog\view\theme\ancart\template\common\header.tpl on line 49
2016-02-25 22:04:31 - PHP Notice:  Undefined variable: text_account in C:\xampp\htdocs\opencart\catalog\view\theme\ancart\template\common\header.tpl on line 49
2016-02-25 22:04:31 - PHP Notice:  Undefined variable: text_account in C:\xampp\htdocs\opencart\catalog\view\theme\ancart\template\common\header.tpl on line 49
2016-02-25 22:04:31 - PHP Notice:  Undefined variable: logged in C:\xampp\htdocs\opencart\catalog\view\theme\ancart\template\common\header.tpl on line 51
2016-02-25 22:04:31 - PHP Notice:  Undefined variable: register in C:\xampp\htdocs\opencart\catalog\view\theme\ancart\template\common\header.tpl on line 58
2016-02-25 22:04:31 - PHP Notice:  Undefined variable: text_register in C:\xampp\htdocs\opencart\catalog\view\theme\ancart\template\common\header.tpl on line 58
2016-02-25 22:04:31 - PHP Notice:  Undefined variable: login in C:\xampp\htdocs\opencart\catalog\view\theme\ancart\template\common\header.tpl on line 59
2016-02-25 22:04:31 - PHP Notice:  Undefined variable: text_login in C:\xampp\htdocs\opencart\catalog\view\theme\ancart\template\common\header.tpl on line 59
2016-02-25 22:04:31 - PHP Notice:  Undefined variable: wishlist in C:\xampp\htdocs\opencart\catalog\view\theme\ancart\template\common\header.tpl on line 63
2016-02-25 22:04:31 - PHP Notice:  Undefined variable: text_wishlist in C:\xampp\htdocs\opencart\catalog\view\theme\ancart\template\common\header.tpl on line 63
2016-02-25 22:04:31 - PHP Notice:  Undefined variable: text_wishlist in C:\xampp\htdocs\opencart\catalog\view\theme\ancart\template\common\header.tpl on line 63
2016-02-25 22:04:31 - PHP Notice:  Undefined variable: shopping_cart in C:\xampp\htdocs\opencart\catalog\view\theme\ancart\template\common\header.tpl on line 64
2016-02-25 22:04:31 - PHP Notice:  Undefined variable: text_shopping_cart in C:\xampp\htdocs\opencart\catalog\view\theme\ancart\template\common\header.tpl on line 64
2016-02-25 22:04:31 - PHP Notice:  Undefined variable: text_shopping_cart in C:\xampp\htdocs\opencart\catalog\view\theme\ancart\template\common\header.tpl on line 64
2016-02-25 22:04:31 - PHP Notice:  Undefined variable: checkout in C:\xampp\htdocs\opencart\catalog\view\theme\ancart\template\common\header.tpl on line 65
2016-02-25 22:04:31 - PHP Notice:  Undefined variable: text_checkout in C:\xampp\htdocs\opencart\catalog\view\theme\ancart\template\common\header.tpl on line 65
2016-02-25 22:04:31 - PHP Notice:  Undefined variable: text_checkout in C:\xampp\htdocs\opencart\catalog\view\theme\ancart\template\common\header.tpl on line 65
2016-02-25 22:04:31 - PHP Notice:  Undefined variable: logo in C:\xampp\htdocs\opencart\catalog\view\theme\ancart\template\common\header.tpl on line 75
2016-02-25 22:04:31 - PHP Notice:  Undefined variable: home in C:\xampp\htdocs\opencart\catalog\view\theme\ancart\template\common\header.tpl on line 78
2016-02-25 22:04:31 - PHP Notice:  Undefined variable: name in C:\xampp\htdocs\opencart\catalog\view\theme\ancart\template\common\header.tpl on line 78
2016-02-25 22:04:31 - PHP Notice:  Undefined variable: categories in C:\xampp\htdocs\opencart\catalog\view\theme\ancart\template\common\header.tpl on line 88
2016-02-25 22:04:43 - PHP Notice:  Indirect modification of overloaded property ControllerCommonHeader::$data has no effect in C:\xampp\htdocs\opencart\catalog\controller\common\header.php on line 177
2016-02-25 22:04:43 - PHP Notice:  Indirect modification of overloaded property ControllerCommonHeader::$data has no effect in C:\xampp\htdocs\opencart\catalog\controller\common\header.php on line 177
2016-02-25 22:04:43 - PHP Notice:  Undefined variable: direction in C:\xampp\htdocs\opencart\catalog\view\theme\ancart\template\common\header.tpl on line 3
2016-02-25 22:04:43 - PHP Notice:  Undefined variable: lang in C:\xampp\htdocs\opencart\catalog\view\theme\ancart\template\common\header.tpl on line 3
2016-02-25 22:04:43 - PHP Notice:  Undefined variable: direction in C:\xampp\htdocs\opencart\catalog\view\theme\ancart\template\common\header.tpl on line 4
2016-02-25 22:04:43 - PHP Notice:  Undefined variable: lang in C:\xampp\htdocs\opencart\catalog\view\theme\ancart\template\common\header.tpl on line 4
2016-02-25 22:04:43 - PHP Notice:  Undefined variable: direction in C:\xampp\htdocs\opencart\catalog\view\theme\ancart\template\common\header.tpl on line 6
2016-02-25 22:04:43 - PHP Notice:  Undefined variable: lang in C:\xampp\htdocs\opencart\catalog\view\theme\ancart\template\common\header.tpl on line 6
2016-02-25 22:04:43 - PHP Notice:  Undefined variable: title in C:\xampp\htdocs\opencart\catalog\view\theme\ancart\template\common\header.tpl on line 11
2016-02-25 22:04:43 - PHP Notice:  Undefined variable: base in C:\xampp\htdocs\opencart\catalog\view\theme\ancart\template\common\header.tpl on line 12
2016-02-25 22:04:43 - PHP Notice:  Undefined variable: description in C:\xampp\htdocs\opencart\catalog\view\theme\ancart\template\common\header.tpl on line 13
2016-02-25 22:04:43 - PHP Notice:  Undefined variable: keywords in C:\xampp\htdocs\opencart\catalog\view\theme\ancart\template\common\header.tpl on line 16
2016-02-25 22:04:43 - PHP Notice:  Undefined variable: links in C:\xampp\htdocs\opencart\catalog\view\theme\ancart\template\common\header.tpl on line 21
2016-02-25 22:04:43 - PHP Warning:  Invalid argument supplied for foreach() in C:\xampp\htdocs\opencart\catalog\view\theme\ancart\template\common\header.tpl on line 21
2016-02-25 22:04:43 - PHP Notice:  Undefined variable: styles in C:\xampp\htdocs\opencart\catalog\view\theme\ancart\template\common\header.tpl on line 31
2016-02-25 22:04:43 - PHP Warning:  Invalid argument supplied for foreach() in C:\xampp\htdocs\opencart\catalog\view\theme\ancart\template\common\header.tpl on line 31
2016-02-25 22:04:43 - PHP Notice:  Undefined variable: scripts in C:\xampp\htdocs\opencart\catalog\view\theme\ancart\template\common\header.tpl on line 35
2016-02-25 22:04:43 - PHP Warning:  Invalid argument supplied for foreach() in C:\xampp\htdocs\opencart\catalog\view\theme\ancart\template\common\header.tpl on line 35
2016-02-25 22:04:43 - PHP Notice:  Undefined variable: contact in C:\xampp\htdocs\opencart\catalog\view\theme\ancart\template\common\header.tpl on line 48
2016-02-25 22:04:43 - PHP Notice:  Undefined variable: telephone in C:\xampp\htdocs\opencart\catalog\view\theme\ancart\template\common\header.tpl on line 48
2016-02-25 22:04:43 - PHP Notice:  Undefined variable: account in C:\xampp\htdocs\opencart\catalog\view\theme\ancart\template\common\header.tpl on line 49
2016-02-25 22:04:43 - PHP Notice:  Undefined variable: text_account in C:\xampp\htdocs\opencart\catalog\view\theme\ancart\template\common\header.tpl on line 49
2016-02-25 22:04:43 - PHP Notice:  Undefined variable: text_account in C:\xampp\htdocs\opencart\catalog\view\theme\ancart\template\common\header.tpl on line 49
2016-02-25 22:04:43 - PHP Notice:  Undefined variable: logged in C:\xampp\htdocs\opencart\catalog\view\theme\ancart\template\common\header.tpl on line 51
2016-02-25 22:04:43 - PHP Notice:  Undefined variable: register in C:\xampp\htdocs\opencart\catalog\view\theme\ancart\template\common\header.tpl on line 58
2016-02-25 22:04:43 - PHP Notice:  Undefined variable: text_register in C:\xampp\htdocs\opencart\catalog\view\theme\ancart\template\common\header.tpl on line 58
2016-02-25 22:04:43 - PHP Notice:  Undefined variable: login in C:\xampp\htdocs\opencart\catalog\view\theme\ancart\template\common\header.tpl on line 59
2016-02-25 22:04:43 - PHP Notice:  Undefined variable: text_login in C:\xampp\htdocs\opencart\catalog\view\theme\ancart\template\common\header.tpl on line 59
2016-02-25 22:04:43 - PHP Notice:  Undefined variable: wishlist in C:\xampp\htdocs\opencart\catalog\view\theme\ancart\template\common\header.tpl on line 63
2016-02-25 22:04:43 - PHP Notice:  Undefined variable: text_wishlist in C:\xampp\htdocs\opencart\catalog\view\theme\ancart\template\common\header.tpl on line 63
2016-02-25 22:04:43 - PHP Notice:  Undefined variable: text_wishlist in C:\xampp\htdocs\opencart\catalog\view\theme\ancart\template\common\header.tpl on line 63
2016-02-25 22:04:43 - PHP Notice:  Undefined variable: shopping_cart in C:\xampp\htdocs\opencart\catalog\view\theme\ancart\template\common\header.tpl on line 64
2016-02-25 22:04:43 - PHP Notice:  Undefined variable: text_shopping_cart in C:\xampp\htdocs\opencart\catalog\view\theme\ancart\template\common\header.tpl on line 64
2016-02-25 22:04:43 - PHP Notice:  Undefined variable: text_shopping_cart in C:\xampp\htdocs\opencart\catalog\view\theme\ancart\template\common\header.tpl on line 64
2016-02-25 22:04:43 - PHP Notice:  Undefined variable: checkout in C:\xampp\htdocs\opencart\catalog\view\theme\ancart\template\common\header.tpl on line 65
2016-02-25 22:04:43 - PHP Notice:  Undefined variable: text_checkout in C:\xampp\htdocs\opencart\catalog\view\theme\ancart\template\common\header.tpl on line 65
2016-02-25 22:04:43 - PHP Notice:  Undefined variable: text_checkout in C:\xampp\htdocs\opencart\catalog\view\theme\ancart\template\common\header.tpl on line 65
2016-02-25 22:04:43 - PHP Notice:  Undefined variable: logo in C:\xampp\htdocs\opencart\catalog\view\theme\ancart\template\common\header.tpl on line 75
2016-02-25 22:04:43 - PHP Notice:  Undefined variable: home in C:\xampp\htdocs\opencart\catalog\view\theme\ancart\template\common\header.tpl on line 78
2016-02-25 22:04:43 - PHP Notice:  Undefined variable: name in C:\xampp\htdocs\opencart\catalog\view\theme\ancart\template\common\header.tpl on line 78
2016-02-25 22:04:43 - PHP Notice:  Undefined variable: categories in C:\xampp\htdocs\opencart\catalog\view\theme\ancart\template\common\header.tpl on line 88
2016-02-25 22:05:30 - PHP Notice:  Indirect modification of overloaded property ControllerCommonHeader::$data has no effect in C:\xampp\htdocs\opencart\catalog\controller\common\header.php on line 177
2016-02-25 22:05:30 - PHP Notice:  Indirect modification of overloaded property ControllerCommonHeader::$data has no effect in C:\xampp\htdocs\opencart\catalog\controller\common\header.php on line 177
2016-02-25 22:05:30 - PHP Notice:  Undefined variable: direction in C:\xampp\htdocs\opencart\catalog\view\theme\ancart\template\common\header.tpl on line 3
2016-02-25 22:05:30 - PHP Notice:  Undefined variable: lang in C:\xampp\htdocs\opencart\catalog\view\theme\ancart\template\common\header.tpl on line 3
2016-02-25 22:05:30 - PHP Notice:  Undefined variable: direction in C:\xampp\htdocs\opencart\catalog\view\theme\ancart\template\common\header.tpl on line 4
2016-02-25 22:05:30 - PHP Notice:  Undefined variable: lang in C:\xampp\htdocs\opencart\catalog\view\theme\ancart\template\common\header.tpl on line 4
2016-02-25 22:05:30 - PHP Notice:  Undefined variable: direction in C:\xampp\htdocs\opencart\catalog\view\theme\ancart\template\common\header.tpl on line 6
2016-02-25 22:05:30 - PHP Notice:  Undefined variable: lang in C:\xampp\htdocs\opencart\catalog\view\theme\ancart\template\common\header.tpl on line 6
2016-02-25 22:05:30 - PHP Notice:  Undefined variable: title in C:\xampp\htdocs\opencart\catalog\view\theme\ancart\template\common\header.tpl on line 11
2016-02-25 22:05:30 - PHP Notice:  Undefined variable: base in C:\xampp\htdocs\opencart\catalog\view\theme\ancart\template\common\header.tpl on line 12
2016-02-25 22:05:30 - PHP Notice:  Undefined variable: description in C:\xampp\htdocs\opencart\catalog\view\theme\ancart\template\common\header.tpl on line 13
2016-02-25 22:05:30 - PHP Notice:  Undefined variable: keywords in C:\xampp\htdocs\opencart\catalog\view\theme\ancart\template\common\header.tpl on line 16
2016-02-25 22:05:30 - PHP Notice:  Undefined variable: links in C:\xampp\htdocs\opencart\catalog\view\theme\ancart\template\common\header.tpl on line 21
2016-02-25 22:05:30 - PHP Warning:  Invalid argument supplied for foreach() in C:\xampp\htdocs\opencart\catalog\view\theme\ancart\template\common\header.tpl on line 21
2016-02-25 22:05:30 - PHP Notice:  Undefined variable: styles in C:\xampp\htdocs\opencart\catalog\view\theme\ancart\template\common\header.tpl on line 31
2016-02-25 22:05:30 - PHP Warning:  Invalid argument supplied for foreach() in C:\xampp\htdocs\opencart\catalog\view\theme\ancart\template\common\header.tpl on line 31
2016-02-25 22:05:30 - PHP Notice:  Undefined variable: scripts in C:\xampp\htdocs\opencart\catalog\view\theme\ancart\template\common\header.tpl on line 35
2016-02-25 22:05:30 - PHP Warning:  Invalid argument supplied for foreach() in C:\xampp\htdocs\opencart\catalog\view\theme\ancart\template\common\header.tpl on line 35
2016-02-25 22:05:30 - PHP Notice:  Undefined variable: contact in C:\xampp\htdocs\opencart\catalog\view\theme\ancart\template\common\header.tpl on line 48
2016-02-25 22:05:30 - PHP Notice:  Undefined variable: telephone in C:\xampp\htdocs\opencart\catalog\view\theme\ancart\template\common\header.tpl on line 48
2016-02-25 22:05:30 - PHP Notice:  Undefined variable: account in C:\xampp\htdocs\opencart\catalog\view\theme\ancart\template\common\header.tpl on line 49
2016-02-25 22:05:30 - PHP Notice:  Undefined variable: text_account in C:\xampp\htdocs\opencart\catalog\view\theme\ancart\template\common\header.tpl on line 49
2016-02-25 22:05:30 - PHP Notice:  Undefined variable: text_account in C:\xampp\htdocs\opencart\catalog\view\theme\ancart\template\common\header.tpl on line 49
2016-02-25 22:05:30 - PHP Notice:  Undefined variable: logged in C:\xampp\htdocs\opencart\catalog\view\theme\ancart\template\common\header.tpl on line 51
2016-02-25 22:05:30 - PHP Notice:  Undefined variable: register in C:\xampp\htdocs\opencart\catalog\view\theme\ancart\template\common\header.tpl on line 58
2016-02-25 22:05:30 - PHP Notice:  Undefined variable: text_register in C:\xampp\htdocs\opencart\catalog\view\theme\ancart\template\common\header.tpl on line 58
2016-02-25 22:05:30 - PHP Notice:  Undefined variable: login in C:\xampp\htdocs\opencart\catalog\view\theme\ancart\template\common\header.tpl on line 59
2016-02-25 22:05:30 - PHP Notice:  Undefined variable: text_login in C:\xampp\htdocs\opencart\catalog\view\theme\ancart\template\common\header.tpl on line 59
2016-02-25 22:05:30 - PHP Notice:  Undefined variable: wishlist in C:\xampp\htdocs\opencart\catalog\view\theme\ancart\template\common\header.tpl on line 63
2016-02-25 22:05:30 - PHP Notice:  Undefined variable: text_wishlist in C:\xampp\htdocs\opencart\catalog\view\theme\ancart\template\common\header.tpl on line 63
2016-02-25 22:05:30 - PHP Notice:  Undefined variable: text_wishlist in C:\xampp\htdocs\opencart\catalog\view\theme\ancart\template\common\header.tpl on line 63
2016-02-25 22:05:30 - PHP Notice:  Undefined variable: shopping_cart in C:\xampp\htdocs\opencart\catalog\view\theme\ancart\template\common\header.tpl on line 64
2016-02-25 22:05:30 - PHP Notice:  Undefined variable: text_shopping_cart in C:\xampp\htdocs\opencart\catalog\view\theme\ancart\template\common\header.tpl on line 64
2016-02-25 22:05:30 - PHP Notice:  Undefined variable: text_shopping_cart in C:\xampp\htdocs\opencart\catalog\view\theme\ancart\template\common\header.tpl on line 64
2016-02-25 22:05:30 - PHP Notice:  Undefined variable: checkout in C:\xampp\htdocs\opencart\catalog\view\theme\ancart\template\common\header.tpl on line 65
2016-02-25 22:05:30 - PHP Notice:  Undefined variable: text_checkout in C:\xampp\htdocs\opencart\catalog\view\theme\ancart\template\common\header.tpl on line 65
2016-02-25 22:05:30 - PHP Notice:  Undefined variable: text_checkout in C:\xampp\htdocs\opencart\catalog\view\theme\ancart\template\common\header.tpl on line 65
2016-02-25 22:05:30 - PHP Notice:  Undefined variable: logo in C:\xampp\htdocs\opencart\catalog\view\theme\ancart\template\common\header.tpl on line 75
2016-02-25 22:05:30 - PHP Notice:  Undefined variable: home in C:\xampp\htdocs\opencart\catalog\view\theme\ancart\template\common\header.tpl on line 78
2016-02-25 22:05:30 - PHP Notice:  Undefined variable: name in C:\xampp\htdocs\opencart\catalog\view\theme\ancart\template\common\header.tpl on line 78
2016-02-25 22:05:30 - PHP Notice:  Undefined variable: categories in C:\xampp\htdocs\opencart\catalog\view\theme\ancart\template\common\header.tpl on line 88
2016-02-26 16:30:46 - PHP Notice:  Undefined variable: site_key in C:\xampp\htdocs\opencart\catalog\view\theme\ancart\template\product\product.tpl on line 104
